2019-08-26 15:34:11.071 INFO  o.s.c.a.AnnotationConfigApplicationContext Refreshing org.springframework.context.annotation.AnnotationConfigApplicationContext@78ff35fb: startup date [Mon Aug 26 15:34:11 IST 2019]; root of context hierarchy
2019-08-26 15:34:11.236 INFO  o.s.b.f.a.AutowiredAnnotationBeanPostProcessor JSR-330 'javax.inject.Inject' annotation found and supported for autowiring
2019-08-26 15:34:11.270 INFO  o.s.c.s.PostProcessorRegistrationDelegate$BeanPostProcessorChecker Bean 'configurationPropertiesRebinderAutoConfiguration' of type [org.springframework.cloud.autoconfigure.ConfigurationPropertiesRebinderAutoConfiguration$$EnhancerBySpringCGLIB$$6e51cc50] is not eligible for getting processed by all BeanPostProcessors (for example: not eligible for auto-proxying)
2019-08-26 15:34:13.240 INFO  o.s.c.c.c.ConfigServicePropertySourceLocator Fetching config from server at : http://localhost:8888
2019-08-26 15:34:16.240 INFO  o.s.c.c.c.ConfigServicePropertySourceLocator Located environment: name=department-service, profiles=[default], label=null, version=0d9d777f274425054b3b6e63accefb5fcdcc1001, state=null
2019-08-26 15:34:16.242 INFO  o.s.c.b.c.PropertySourceBootstrapConfiguration Located property source: CompositePropertySource {name='configService', propertySources=[MapPropertySource {name='configClient'}, MapPropertySource {name='https://gitlab.com/12app/hospital.git/department-service.yml (document #0)'}]}
2019-08-26 15:34:16.306 INFO  org.dept.main.Application No active profile set, falling back to default profiles: default
2019-08-26 15:34:16.318 INFO  o.s.b.w.s.c.AnnotationConfigServletWebServerApplicationContext Refreshing org.springframework.boot.web.servlet.context.AnnotationConfigServletWebServerApplicationContext@3de27000: startup date [Mon Aug 26 15:34:16 IST 2019]; parent: org.springframework.context.annotation.AnnotationConfigApplicationContext@78ff35fb
2019-08-26 15:34:17.879 INFO  o.s.b.f.s.DefaultListableBeanFactory Overriding bean definition for bean 'dataSource' with a different definition: replacing [Root bean: class [null]; scope=refresh; abstract=false; lazyInit=false; autowireMode=3; dependencyCheck=0; autowireCandidate=false; primary=false; factoryBeanName=org.springframework.boot.autoconfigure.jdbc.DataSourceConfiguration$Hikari; factoryMethodName=dataSource; initMethodName=null; destroyMethodName=(inferred); defined in class path resource [org/springframework/boot/autoconfigure/jdbc/DataSourceConfiguration$Hikari.class]] with [Root bean: class [org.springframework.aop.scope.ScopedProxyFactoryBean]; scope=; abstract=false; lazyInit=false; autowireMode=0; dependencyCheck=0; autowireCandidate=true; primary=false; factoryBeanName=null; factoryMethodName=null; initMethodName=null; destroyMethodName=null; defined in BeanDefinition defined in class path resource [org/springframework/boot/autoconfigure/jdbc/DataSourceConfiguration$Hikari.class]]
2019-08-26 15:34:18.124 INFO  o.s.cloud.context.scope.GenericScope BeanFactory id=f3cc2feb-5664-3e52-b3df-c49697c76f1b
2019-08-26 15:34:18.153 INFO  o.s.b.f.a.AutowiredAnnotationBeanPostProcessor JSR-330 'javax.inject.Inject' annotation found and supported for autowiring
2019-08-26 15:34:18.512 INFO  o.s.c.s.PostProcessorRegistrationDelegate$BeanPostProcessorChecker Bean 'org.springframework.transaction.annotation.ProxyTransactionManagementConfiguration' of type [org.springframework.transaction.annotation.ProxyTransactionManagementConfiguration$$EnhancerBySpringCGLIB$$5237c953] is not eligible for getting processed by all BeanPostProcessors (for example: not eligible for auto-proxying)
2019-08-26 15:34:18.643 INFO  o.s.c.s.PostProcessorRegistrationDelegate$BeanPostProcessorChecker Bean 'org.springframework.cloud.autoconfigure.ConfigurationPropertiesRebinderAutoConfiguration' of type [org.springframework.cloud.autoconfigure.ConfigurationPropertiesRebinderAutoConfiguration$$EnhancerBySpringCGLIB$$6e51cc50] is not eligible for getting processed by all BeanPostProcessors (for example: not eligible for auto-proxying)
2019-08-26 15:34:19.402 INFO  o.s.b.w.e.tomcat.TomcatWebServer Tomcat initialized with port(s): 8081 (http)
2019-08-26 15:34:19.417 INFO  o.a.coyote.http11.Http11NioProtocol Initializing ProtocolHandler ["http-nio-8081"]
2019-08-26 15:34:19.427 INFO  o.a.catalina.core.StandardService Starting service [Tomcat]
2019-08-26 15:34:19.427 INFO  o.a.catalina.core.StandardEngine Starting Servlet Engine: Apache Tomcat/8.5.34
2019-08-26 15:34:19.435 INFO  o.a.c.core.AprLifecycleListener The APR based Apache Tomcat Native library which allows optimal performance in production environments was not found on the java.library.path: [C:\Program Files\Java\jdk1.8.0_171\bin;C:\WINDOWS\Sun\Java\bin;C:\WINDOWS\system32;C:\WINDOWS;C:/Program Files/Java/jdk1.8.0_171/bin/../jre/bin/server;C:/Program Files/Java/jdk1.8.0_171/bin/../jre/bin;C:/Program Files/Java/jdk1.8.0_171/bin/../jre/lib/amd64;C:\oracle\product\10.2.0\db_2\bin;C:\Program Files (x86)\Intel\Intel(R) Management Engine Components\iCLS\;C:\Program Files\Intel\Intel(R) Management Engine Components\iCLS\;C:\WINDOWS\system32;C:\WINDOWS;C:\WINDOWS\System32\Wbem;C:\WINDOWS\System32\WindowsPowerShell\v1.0\;C:\Program Files (x86)\Intel\Intel(R) Management Engine Components\DAL;C:\Program Files\Intel\Intel(R) Management Engine Components\DAL;C:\Program Files (x86)\Intel\Intel(R) Management Engine Components\IPT;C:\Program Files\Intel\Intel(R) Management Engine Components\IPT;C:\Program Files (x86)\GtkSharp\2.12\bin;C:\Program Files\Microsoft SQL Server\Client SDK\ODBC\110\Tools\Binn\;C:\Program Files (x86)\Microsoft SQL Server\120\Tools\Binn\;C:\Program Files\Microsoft SQL Server\120\Tools\Binn\;C:\Program Files\Microsoft SQL Server\120\DTS\Binn\;C:\Program Files (x86)\Microsoft SQL Server\120\Tools\Binn\ManagementStudio\;C:\Program Files (x86)\Microsoft SQL Server\120\DTS\Binn\;C:\Program Files\nodejs;C:\Program Files\SH;C:\WINDOWS\System32\OpenSSH\;C:\Program Files\Microsoft VS Code\bin;C:\Program Files\nodejs\;C:\Program Files\TortoiseSVN\bin;C:\Program Files\Git\cmd;C:\Program Files\PuTTY\;C:\Program Files\Java\jdk1.8.0_171/bin;C:\Program Files\apache-maven-3.5.3/bin;C:\Users\SCIIT\AppData\Roaming\npm;C:\Users\SCIIT\AppData\Local\Microsoft\WindowsApps;C:\kube;C:\Program Files\Hyper-V;;C:\Users\SCIIT\Documents\Softwares\eclipse;;.]
2019-08-26 15:34:19.581 INFO  o.a.c.c.C.[Tomcat].[localhost].[/] Initializing Spring embedded WebApplicationContext
2019-08-26 15:34:19.581 INFO  o.s.web.context.ContextLoader Root WebApplicationContext: initialization completed in 3263 ms
2019-08-26 15:34:19.888 WARN  c.n.c.sources.URLConfigurationSource No URLs will be polled as dynamic configuration sources.
2019-08-26 15:34:19.888 INFO  c.n.c.sources.URLConfigurationSource To enable URLs as dynamic configuration sources, define System property archaius.configurationSource.additionalUrls or make config.properties available on classpath.
2019-08-26 15:34:19.904 INFO  c.n.config.DynamicPropertyFactory DynamicPropertyFactory is initialized with configuration sources: com.netflix.config.ConcurrentCompositeConfiguration@3fb28af4
2019-08-26 15:34:20.930 INFO  o.s.aop.framework.CglibAopProxy Method [void com.zaxxer.hikari.HikariConfig.seal()] is package-visible across different ClassLoaders and cannot get proxied via CGLIB: Declare this method as public or protected if you need to support invocations through the proxy.
2019-08-26 15:34:23.453 INFO  o.s.cloud.commons.util.InetUtils Cannot determine local hostname
2019-08-26 15:34:25.345 INFO  o.s.cloud.commons.util.InetUtils Cannot determine local hostname
2019-08-26 15:34:26.339 INFO  o.s.b.w.s.FilterRegistrationBean Mapping filter: 'characterEncodingFilter' to: [/*]
2019-08-26 15:34:26.340 INFO  o.s.b.w.s.FilterRegistrationBean Mapping filter: 'webMvcMetricsFilter' to: [/*]
2019-08-26 15:34:26.340 INFO  o.s.b.w.s.FilterRegistrationBean Mapping filter: 'tracingFilter' to: [/*]
2019-08-26 15:34:26.341 INFO  o.s.b.w.s.FilterRegistrationBean Mapping filter: 'exceptionLoggingFilter' to: [/*]
2019-08-26 15:34:26.388 INFO  o.s.b.w.s.FilterRegistrationBean Mapping filter: 'hiddenHttpMethodFilter' to: [/*]
2019-08-26 15:34:26.388 INFO  o.s.b.w.s.FilterRegistrationBean Mapping filter: 'httpPutFormContentFilter' to: [/*]
2019-08-26 15:34:26.389 INFO  o.s.b.w.s.FilterRegistrationBean Mapping filter: 'requestContextFilter' to: [/*]
2019-08-26 15:34:26.389 INFO  o.s.b.w.s.FilterRegistrationBean Mapping filter: 'httpTraceFilter' to: [/*]
2019-08-26 15:34:26.389 INFO  o.s.b.w.s.ServletRegistrationBean Servlet dispatcherServlet mapped to [/]
2019-08-26 15:34:26.755 INFO  o.s.o.j.LocalContainerEntityManagerFactoryBean Building JPA container EntityManagerFactory for persistence unit 'default'
2019-08-26 15:34:26.783 INFO  o.h.jpa.internal.util.LogHelper HHH000204: Processing PersistenceUnitInfo [
	name: default
	...]
2019-08-26 15:34:26.901 INFO  org.hibernate.Version HHH000412: Hibernate Core {5.2.17.Final}
2019-08-26 15:34:26.903 INFO  org.hibernate.cfg.Environment HHH000206: hibernate.properties not found
2019-08-26 15:34:26.968 INFO  o.h.annotations.common.Version HCANN000001: Hibernate Commons Annotations {5.0.1.Final}
2019-08-26 15:34:27.401 INFO  com.zaxxer.hikari.HikariDataSource HikariPool-1 - Starting...
2019-08-26 15:34:27.678 INFO  com.zaxxer.hikari.HikariDataSource HikariPool-1 - Start completed.
2019-08-26 15:34:27.694 INFO  org.hibernate.dialect.Dialect HHH000400: Using dialect: org.hibernate.dialect.MySQL5Dialect
2019-08-26 15:34:28.488 INFO  o.s.o.j.LocalContainerEntityManagerFactoryBean Initialized JPA EntityManagerFactory for persistence unit 'default'
2019-08-26 15:34:29.229 WARN  o.s.b.a.o.j.JpaBaseConfiguration$JpaWebConfiguration$JpaWebMvcConfiguration spring.jpa.open-in-view is enabled by default. Therefore, database queries may be performed during view rendering. Explicitly configure spring.jpa.open-in-view to disable this warning
2019-08-26 15:34:29.304 INFO  o.s.w.s.m.m.a.RequestMappingHandlerMapping Mapped "{[/dept],methods=[GET]}" onto public java.lang.String org.dept.main.controller.DepartmentResource.deptHMS()
2019-08-26 15:34:29.307 INFO  o.s.w.s.m.m.a.RequestMappingHandlerMapping Mapped "{[/swagger-resources/configuration/security]}" onto public org.springframework.http.ResponseEntity<springfox.documentation.swagger.web.SecurityConfiguration> springfox.documentation.swagger.web.ApiResourceController.securityConfiguration()
2019-08-26 15:34:29.308 INFO  o.s.w.s.m.m.a.RequestMappingHandlerMapping Mapped "{[/swagger-resources/configuration/ui]}" onto public org.springframework.http.ResponseEntity<springfox.documentation.swagger.web.UiConfiguration> springfox.documentation.swagger.web.ApiResourceController.uiConfiguration()
2019-08-26 15:34:29.309 INFO  o.s.w.s.m.m.a.RequestMappingHandlerMapping Mapped "{[/swagger-resources]}" onto public org.springframework.http.ResponseEntity<java.util.List<springfox.documentation.swagger.web.SwaggerResource>> springfox.documentation.swagger.web.ApiResourceController.swaggerResources()
2019-08-26 15:34:29.311 INFO  o.s.w.s.m.m.a.RequestMappingHandlerMapping Mapped "{[/error]}" onto public org.springframework.http.ResponseEntity<java.util.Map<java.lang.String, java.lang.Object>> org.springframework.boot.autoconfigure.web.servlet.error.BasicErrorController.error(javax.servlet.http.HttpServletRequest)
2019-08-26 15:34:29.312 INFO  o.s.w.s.m.m.a.RequestMappingHandlerMapping Mapped "{[/error],produces=[text/html]}" onto public org.springframework.web.servlet.ModelAndView org.springframework.boot.autoconfigure.web.servlet.error.BasicErrorController.errorHtml(javax.servlet.http.HttpServletRequest,javax.servlet.http.HttpServletResponse)
2019-08-26 15:34:29.419 INFO  o.s.b.a.e.web.EndpointLinksResolver Exposing 2 endpoint(s) beneath base path '/actuator'
2019-08-26 15:34:29.433 INFO  o.s.b.a.e.w.s.WebMvcEndpointHandlerMapping Mapped "{[/actuator/health],methods=[GET],produces=[application/vnd.spring-boot.actuator.v2+json || application/json]}" onto public java.lang.Object org.springframework.boot.actuate.endpoint.web.servlet.AbstractWebMvcEndpointHandlerMapping$OperationHandler.handle(javax.servlet.http.HttpServletRequest,java.util.Map<java.lang.String, java.lang.String>)
2019-08-26 15:34:29.434 INFO  o.s.b.a.e.w.s.WebMvcEndpointHandlerMapping Mapped "{[/actuator/info],methods=[GET],produces=[application/vnd.spring-boot.actuator.v2+json || application/json]}" onto public java.lang.Object org.springframework.boot.actuate.endpoint.web.servlet.AbstractWebMvcEndpointHandlerMapping$OperationHandler.handle(javax.servlet.http.HttpServletRequest,java.util.Map<java.lang.String, java.lang.String>)
2019-08-26 15:34:29.435 INFO  o.s.b.a.e.w.s.WebMvcEndpointHandlerMapping Mapped "{[/actuator],methods=[GET],produces=[application/vnd.spring-boot.actuator.v2+json || application/json]}" onto protected java.util.Map<java.lang.String, java.util.Map<java.lang.String, org.springframework.boot.actuate.endpoint.web.Link>> org.springframework.boot.actuate.endpoint.web.servlet.WebMvcEndpointHandlerMapping.links(javax.servlet.http.HttpServletRequest,javax.servlet.http.HttpServletResponse)
2019-08-26 15:34:29.703 INFO  s.d.s.w.PropertySourcedRequestMappingHandlerMapping Mapped URL path [/v2/api-docs] onto method [public org.springframework.http.ResponseEntity<springfox.documentation.spring.web.json.Json> springfox.documentation.swagger2.web.Swagger2Controller.getDocumentation(java.lang.String,javax.servlet.http.HttpServletRequest)]
2019-08-26 15:34:29.746 WARN  c.n.c.sources.URLConfigurationSource No URLs will be polled as dynamic configuration sources.
2019-08-26 15:34:29.746 INFO  c.n.c.sources.URLConfigurationSource To enable URLs as dynamic configuration sources, define System property archaius.configurationSource.additionalUrls or make config.properties available on classpath.
2019-08-26 15:34:29.843 INFO  o.s.w.s.h.SimpleUrlHandlerMapping Mapped URL path [/**/favicon.ico] onto handler of type [class org.springframework.web.servlet.resource.ResourceHttpRequestHandler]
2019-08-26 15:34:30.033 INFO  o.s.w.s.m.m.a.RequestMappingHandlerAdapter Looking for @ControllerAdvice: org.springframework.boot.web.servlet.context.AnnotationConfigServletWebServerApplicationContext@3de27000: startup date [Mon Aug 26 15:34:16 IST 2019]; parent: org.springframework.context.annotation.AnnotationConfigApplicationContext@78ff35fb
2019-08-26 15:34:30.091 INFO  o.s.w.s.h.SimpleUrlHandlerMapping Mapped URL path [/webjars/**] onto handler of type [class org.springframework.web.servlet.resource.ResourceHttpRequestHandler]
2019-08-26 15:34:30.091 INFO  o.s.w.s.h.SimpleUrlHandlerMapping Mapped URL path [/**] onto handler of type [class org.springframework.web.servlet.resource.ResourceHttpRequestHandler]
2019-08-26 15:34:30.664 WARN  o.s.b.d.a.OptionalLiveReloadServer Unable to start LiveReload server
2019-08-26 15:34:31.862 INFO  o.s.j.e.a.AnnotationMBeanExporter Registering beans for JMX exposure on startup
2019-08-26 15:34:31.864 INFO  o.s.j.e.a.AnnotationMBeanExporter Bean with name 'dataSource' has been autodetected for JMX exposure
2019-08-26 15:34:31.870 INFO  o.s.j.e.a.AnnotationMBeanExporter Bean with name 'environmentManager' has been autodetected for JMX exposure
2019-08-26 15:34:31.872 INFO  o.s.j.e.a.AnnotationMBeanExporter Bean with name 'refreshScope' has been autodetected for JMX exposure
2019-08-26 15:34:31.873 INFO  o.s.j.e.a.AnnotationMBeanExporter Bean with name 'configurationPropertiesRebinder' has been autodetected for JMX exposure
2019-08-26 15:34:31.877 INFO  o.s.j.e.a.AnnotationMBeanExporter Located managed bean 'environmentManager': registering with JMX server as MBean [org.springframework.cloud.context.environment:name=environmentManager,type=EnvironmentManager]
2019-08-26 15:34:31.885 INFO  o.s.j.e.a.AnnotationMBeanExporter Located managed bean 'refreshScope': registering with JMX server as MBean [org.springframework.cloud.context.scope.refresh:name=refreshScope,type=RefreshScope]
2019-08-26 15:34:31.894 INFO  o.s.j.e.a.AnnotationMBeanExporter Located managed bean 'configurationPropertiesRebinder': registering with JMX server as MBean [org.springframework.cloud.context.properties:name=configurationPropertiesRebinder,context=3de27000,type=ConfigurationPropertiesRebinder]
2019-08-26 15:34:31.900 INFO  o.s.j.e.a.AnnotationMBeanExporter Located MBean 'dataSource': registering with JMX server as MBean [com.zaxxer.hikari:name=dataSource,type=HikariDataSource]
2019-08-26 15:34:31.910 INFO  o.s.c.s.DefaultLifecycleProcessor Starting beans in phase 0
2019-08-26 15:34:31.930 INFO  o.s.c.n.eureka.InstanceInfoFactory Setting initial instance status as: STARTING
2019-08-26 15:34:31.967 INFO  c.netflix.discovery.DiscoveryClient Initializing Eureka in region us-east-1
2019-08-26 15:34:32.506 INFO  c.n.d.p.DiscoveryJerseyProvider Using JSON encoding codec LegacyJacksonJson
2019-08-26 15:34:32.507 INFO  c.n.d.p.DiscoveryJerseyProvider Using JSON decoding codec LegacyJacksonJson
2019-08-26 15:34:32.617 INFO  c.n.d.p.DiscoveryJerseyProvider Using XML encoding codec XStreamXml
2019-08-26 15:34:32.618 INFO  c.n.d.p.DiscoveryJerseyProvider Using XML decoding codec XStreamXml
2019-08-26 15:34:32.765 INFO  c.n.d.s.r.aws.ConfigClusterResolver Resolving eureka endpoints via configuration
2019-08-26 15:34:33.176 INFO  c.netflix.discovery.DiscoveryClient Disable delta property : false
2019-08-26 15:34:33.176 INFO  c.netflix.discovery.DiscoveryClient Single vip registry refresh property : null
2019-08-26 15:34:33.176 INFO  c.netflix.discovery.DiscoveryClient Force full registry fetch : false
2019-08-26 15:34:33.176 INFO  c.netflix.discovery.DiscoveryClient Application is null : false
2019-08-26 15:34:33.176 INFO  c.netflix.discovery.DiscoveryClient Registered Applications size is zero : true
2019-08-26 15:34:33.177 INFO  c.netflix.discovery.DiscoveryClient Application version is -1: true
2019-08-26 15:34:33.177 INFO  c.netflix.discovery.DiscoveryClient Getting all instance registry info from the eureka server
2019-08-26 15:34:33.365 INFO  c.netflix.discovery.DiscoveryClient The response status is 200
2019-08-26 15:34:33.366 INFO  c.netflix.discovery.DiscoveryClient Starting heartbeat executor: renew interval is: 30
2019-08-26 15:34:33.369 INFO  c.n.discovery.InstanceInfoReplicator InstanceInfoReplicator onDemand update allowed rate per min is 4
2019-08-26 15:34:33.372 INFO  c.netflix.discovery.DiscoveryClient Discovery Client initialized at timestamp 1566813873371 with initial instances count: 0
2019-08-26 15:34:33.383 INFO  o.s.c.n.e.s.EurekaServiceRegistry Registering application DEPARTMENT-SERVICE with eureka with status UP
2019-08-26 15:34:33.383 INFO  c.netflix.discovery.DiscoveryClient Saw local status change event StatusChangeEvent [timestamp=1566813873383, current=UP, previous=STARTING]
2019-08-26 15:34:33.387 INFO  o.s.c.s.DefaultLifecycleProcessor Starting beans in phase 2147483647
2019-08-26 15:34:33.385 INFO  c.netflix.discovery.DiscoveryClient DiscoveryClient_DEPARTMENT-SERVICE/department-service:8081: registering service...
2019-08-26 15:34:33.391 INFO  s.d.s.w.p.DocumentationPluginsBootstrapper Context refreshed
2019-08-26 15:34:33.433 INFO  s.d.s.w.p.DocumentationPluginsBootstrapper Found 1 custom documentation plugin(s)
2019-08-26 15:34:33.536 INFO  c.netflix.discovery.DiscoveryClient DiscoveryClient_DEPARTMENT-SERVICE/department-service:8081 - registration status: 204
2019-08-26 15:34:33.580 INFO  s.d.s.w.s.ApiListingReferenceScanner Scanning for api listing references
2019-08-26 15:34:33.764 INFO  o.a.coyote.http11.Http11NioProtocol Starting ProtocolHandler ["http-nio-8081"]
2019-08-26 15:34:33.773 INFO  o.a.tomcat.util.net.NioSelectorPool Using a shared selector for servlet write/read
2019-08-26 15:34:33.788 INFO  o.s.b.w.e.tomcat.TomcatWebServer Tomcat started on port(s): 8081 (http) with context path ''
2019-08-26 15:34:33.791 INFO  o.s.c.n.e.s.EurekaAutoServiceRegistration Updating port to 8081
2019-08-26 15:34:33.794 INFO  org.dept.main.Application Started Application in 25.054 seconds (JVM running for 26.071)
2019-08-26 15:34:49.841 INFO  o.a.c.c.C.[Tomcat].[localhost].[/] Initializing Spring FrameworkServlet 'dispatcherServlet'
2019-08-26 15:34:49.841 INFO  o.s.web.servlet.DispatcherServlet FrameworkServlet 'dispatcherServlet': initialization started
2019-08-26 15:34:49.869 INFO  o.s.web.servlet.DispatcherServlet FrameworkServlet 'dispatcherServlet': initialization completed in 27 ms
2019-08-26 15:34:49.922 INFO  o.d.m.controller.DepartmentResource Department MessageWELCOME TO DEPARTMENT IN HOSPITAL MANAGEMENTMon Aug 26 15:34:49 IST 2019
2019-08-26 15:35:03.367 INFO  c.netflix.discovery.DiscoveryClient Disable delta property : false
2019-08-26 15:35:03.367 INFO  c.netflix.discovery.DiscoveryClient Single vip registry refresh property : null
2019-08-26 15:35:03.368 INFO  c.netflix.discovery.DiscoveryClient Force full registry fetch : false
2019-08-26 15:35:03.368 INFO  c.netflix.discovery.DiscoveryClient Application is null : false
2019-08-26 15:35:03.369 INFO  c.netflix.discovery.DiscoveryClient Registered Applications size is zero : true
2019-08-26 15:35:03.369 INFO  c.netflix.discovery.DiscoveryClient Application version is -1: false
2019-08-26 15:35:03.369 INFO  c.netflix.discovery.DiscoveryClient Getting all instance registry info from the eureka server
2019-08-26 15:35:03.396 INFO  c.netflix.discovery.DiscoveryClient The response status is 200
2019-08-26 15:35:45.280 INFO  o.s.c.a.AnnotationConfigApplicationContext Closing org.springframework.context.annotation.AnnotationConfigApplicationContext@78ff35fb: startup date [Mon Aug 26 15:34:11 IST 2019]; root of context hierarchy
2019-08-26 15:35:45.281 INFO  o.s.b.w.s.c.AnnotationConfigServletWebServerApplicationContext Closing org.springframework.boot.web.servlet.context.AnnotationConfigServletWebServerApplicationContext@3de27000: startup date [Mon Aug 26 15:34:16 IST 2019]; parent: org.springframework.context.annotation.AnnotationConfigApplicationContext@78ff35fb
2019-08-26 15:35:45.282 INFO  o.s.c.n.e.s.EurekaServiceRegistry Unregistering application DEPARTMENT-SERVICE with eureka with status DOWN
2019-08-26 15:35:45.283 WARN  c.netflix.discovery.DiscoveryClient Saw local status change event StatusChangeEvent [timestamp=1566813945283, current=DOWN, previous=UP]
2019-08-26 15:35:45.283 INFO  c.netflix.discovery.DiscoveryClient DiscoveryClient_DEPARTMENT-SERVICE/department-service:8081: registering service...
2019-08-26 15:35:45.285 INFO  o.s.c.s.DefaultLifecycleProcessor Stopping beans in phase 2147483647
2019-08-26 15:35:45.287 INFO  o.s.c.s.DefaultLifecycleProcessor Stopping beans in phase 0
2019-08-26 15:35:45.290 INFO  o.s.j.e.a.AnnotationMBeanExporter Unregistering JMX-exposed beans on shutdown
2019-08-26 15:35:45.293 INFO  o.s.j.e.a.AnnotationMBeanExporter Unregistering JMX-exposed beans
2019-08-26 15:35:45.295 INFO  c.netflix.discovery.DiscoveryClient DiscoveryClient_DEPARTMENT-SERVICE/department-service:8081 - registration status: 204
2019-08-26 15:35:45.297 INFO  o.s.o.j.LocalContainerEntityManagerFactoryBean Closing JPA EntityManagerFactory for persistence unit 'default'
2019-08-26 15:35:45.455 INFO  o.s.c.a.AnnotationConfigApplicationContext Refreshing SpringClientFactory-localhost: startup date [Mon Aug 26 15:35:45 IST 2019]; parent: org.springframework.boot.web.servlet.context.AnnotationConfigServletWebServerApplicationContext@3de27000
2019-08-26 15:35:45.504 INFO  o.s.b.f.a.AutowiredAnnotationBeanPostProcessor JSR-330 'javax.inject.Inject' annotation found and supported for autowiring
2019-08-26 15:35:45.516 WARN  o.s.c.a.AnnotationConfigApplicationContext Exception encountered during context initialization - cancelling refresh attempt: org.springframework.beans.factory.UnsatisfiedDependencyException: Error creating bean with name 'eurekaRibbonClientConfiguration': Unsatisfied dependency expressed through field 'eurekaConfig'; nested exception is org.springframework.beans.factory.BeanCreationNotAllowedException: Error creating bean with name 'eurekaInstanceConfigBean': Singleton bean creation not allowed while singletons of this factory are in destruction (Do not request a bean from a BeanFactory in a destroy method implementation!)
2019-08-26 15:35:45.518 INFO  c.netflix.discovery.DiscoveryClient Shutting down DiscoveryClient ...
2019-08-26 15:35:45.521 WARN  o.s.c.a.CommonAnnotationBeanPostProcessor Invocation of destroy method failed on bean with name 'scopedTarget.eurekaClient': org.springframework.beans.factory.BeanCreationNotAllowedException: Error creating bean with name 'eurekaInstanceConfigBean': Singleton bean creation not allowed while singletons of this factory are in destruction (Do not request a bean from a BeanFactory in a destroy method implementation!)
2019-08-26 15:35:45.521 INFO  com.zaxxer.hikari.HikariDataSource HikariPool-1 - Shutdown initiated...
2019-08-26 15:35:45.532 INFO  com.zaxxer.hikari.HikariDataSource HikariPool-1 - Shutdown completed.
2019-08-26 15:35:47.988 INFO  o.s.c.a.AnnotationConfigApplicationContext Refreshing org.springframework.context.annotation.AnnotationConfigApplicationContext@527b301e: startup date [Mon Aug 26 15:35:47 IST 2019]; root of context hierarchy
2019-08-26 15:35:48.000 INFO  o.s.b.f.a.AutowiredAnnotationBeanPostProcessor JSR-330 'javax.inject.Inject' annotation found and supported for autowiring
2019-08-26 15:35:48.001 INFO  o.s.c.s.PostProcessorRegistrationDelegate$BeanPostProcessorChecker Bean 'configurationPropertiesRebinderAutoConfiguration' of type [org.springframework.cloud.autoconfigure.ConfigurationPropertiesRebinderAutoConfiguration$$EnhancerBySpringCGLIB$$6e51cc50] is not eligible for getting processed by all BeanPostProcessors (for example: not eligible for auto-proxying)
2019-08-26 15:35:49.802 INFO  o.s.c.c.c.ConfigServicePropertySourceLocator Fetching config from server at : http://localhost:8888
2019-08-26 15:35:52.699 INFO  o.s.c.c.c.ConfigServicePropertySourceLocator Located environment: name=department-service, profiles=[default], label=null, version=0d9d777f274425054b3b6e63accefb5fcdcc1001, state=null
2019-08-26 15:35:52.699 INFO  o.s.c.b.c.PropertySourceBootstrapConfiguration Located property source: CompositePropertySource {name='configService', propertySources=[MapPropertySource {name='configClient'}, MapPropertySource {name='https://gitlab.com/12app/hospital.git/department-service.yml (document #0)'}]}
2019-08-26 15:35:52.719 INFO  org.dept.main.Application No active profile set, falling back to default profiles: default
2019-08-26 15:35:52.721 INFO  o.s.b.w.s.c.AnnotationConfigServletWebServerApplicationContext Refreshing org.springframework.boot.web.servlet.context.AnnotationConfigServletWebServerApplicationContext@58e4f79b: startup date [Mon Aug 26 15:35:52 IST 2019]; parent: org.springframework.context.annotation.AnnotationConfigApplicationContext@527b301e
2019-08-26 15:35:53.697 INFO  o.s.b.f.s.DefaultListableBeanFactory Overriding bean definition for bean 'dataSource' with a different definition: replacing [Root bean: class [null]; scope=refresh; abstract=false; lazyInit=false; autowireMode=3; dependencyCheck=0; autowireCandidate=false; primary=false; factoryBeanName=org.springframework.boot.autoconfigure.jdbc.DataSourceConfiguration$Hikari; factoryMethodName=dataSource; initMethodName=null; destroyMethodName=(inferred); defined in class path resource [org/springframework/boot/autoconfigure/jdbc/DataSourceConfiguration$Hikari.class]] with [Root bean: class [org.springframework.aop.scope.ScopedProxyFactoryBean]; scope=; abstract=false; lazyInit=false; autowireMode=0; dependencyCheck=0; autowireCandidate=true; primary=false; factoryBeanName=null; factoryMethodName=null; initMethodName=null; destroyMethodName=null; defined in BeanDefinition defined in class path resource [org/springframework/boot/autoconfigure/jdbc/DataSourceConfiguration$Hikari.class]]
2019-08-26 15:35:53.728 INFO  o.s.cloud.context.scope.GenericScope BeanFactory id=f3cc2feb-5664-3e52-b3df-c49697c76f1b
2019-08-26 15:35:53.743 INFO  o.s.b.f.a.AutowiredAnnotationBeanPostProcessor JSR-330 'javax.inject.Inject' annotation found and supported for autowiring
2019-08-26 15:35:53.786 INFO  o.s.c.s.PostProcessorRegistrationDelegate$BeanPostProcessorChecker Bean 'org.springframework.transaction.annotation.ProxyTransactionManagementConfiguration' of type [org.springframework.transaction.annotation.ProxyTransactionManagementConfiguration$$EnhancerBySpringCGLIB$$5237c953] is not eligible for getting processed by all BeanPostProcessors (for example: not eligible for auto-proxying)
2019-08-26 15:35:53.802 INFO  o.s.c.s.PostProcessorRegistrationDelegate$BeanPostProcessorChecker Bean 'org.springframework.cloud.autoconfigure.ConfigurationPropertiesRebinderAutoConfiguration' of type [org.springframework.cloud.autoconfigure.ConfigurationPropertiesRebinderAutoConfiguration$$EnhancerBySpringCGLIB$$6e51cc50] is not eligible for getting processed by all BeanPostProcessors (for example: not eligible for auto-proxying)
2019-08-26 15:35:54.018 INFO  o.s.b.w.e.tomcat.TomcatWebServer Tomcat initialized with port(s): 8081 (http)
2019-08-26 15:35:54.019 INFO  o.a.coyote.http11.Http11NioProtocol Initializing ProtocolHandler ["http-nio-8081"]
2019-08-26 15:35:54.019 INFO  o.a.catalina.core.StandardService Starting service [Tomcat]
2019-08-26 15:35:54.020 INFO  o.a.catalina.core.StandardEngine Starting Servlet Engine: Apache Tomcat/8.5.34
2019-08-26 15:35:54.035 INFO  o.a.c.c.C.[Tomcat].[localhost].[/] Initializing Spring embedded WebApplicationContext
2019-08-26 15:35:54.035 INFO  o.s.web.context.ContextLoader Root WebApplicationContext: initialization completed in 1314 ms
2019-08-26 15:35:56.147 INFO  o.s.cloud.commons.util.InetUtils Cannot determine local hostname
2019-08-26 15:35:57.893 INFO  o.s.cloud.commons.util.InetUtils Cannot determine local hostname
2019-08-26 15:35:58.096 INFO  o.s.b.w.s.FilterRegistrationBean Mapping filter: 'characterEncodingFilter' to: [/*]
2019-08-26 15:35:58.097 INFO  o.s.b.w.s.FilterRegistrationBean Mapping filter: 'webMvcMetricsFilter' to: [/*]
2019-08-26 15:35:58.098 INFO  o.s.b.w.s.FilterRegistrationBean Mapping filter: 'tracingFilter' to: [/*]
2019-08-26 15:35:58.098 INFO  o.s.b.w.s.FilterRegistrationBean Mapping filter: 'exceptionLoggingFilter' to: [/*]
2019-08-26 15:35:58.099 INFO  o.s.b.w.s.FilterRegistrationBean Mapping filter: 'hiddenHttpMethodFilter' to: [/*]
2019-08-26 15:35:58.099 INFO  o.s.b.w.s.FilterRegistrationBean Mapping filter: 'httpPutFormContentFilter' to: [/*]
2019-08-26 15:35:58.099 INFO  o.s.b.w.s.FilterRegistrationBean Mapping filter: 'requestContextFilter' to: [/*]
2019-08-26 15:35:58.099 INFO  o.s.b.w.s.FilterRegistrationBean Mapping filter: 'httpTraceFilter' to: [/*]
2019-08-26 15:35:58.099 INFO  o.s.b.w.s.ServletRegistrationBean Servlet dispatcherServlet mapped to [/]
2019-08-26 15:35:58.156 INFO  o.s.o.j.LocalContainerEntityManagerFactoryBean Building JPA container EntityManagerFactory for persistence unit 'default'
2019-08-26 15:35:58.156 INFO  o.h.jpa.internal.util.LogHelper HHH000204: Processing PersistenceUnitInfo [
	name: default
	...]
2019-08-26 15:35:58.171 INFO  com.zaxxer.hikari.HikariDataSource HikariPool-2 - Starting...
2019-08-26 15:35:58.176 INFO  com.zaxxer.hikari.HikariDataSource HikariPool-2 - Start completed.
2019-08-26 15:35:58.177 INFO  org.hibernate.dialect.Dialect HHH000400: Using dialect: org.hibernate.dialect.MySQL5Dialect
2019-08-26 15:35:58.208 INFO  o.s.o.j.LocalContainerEntityManagerFactoryBean Initialized JPA EntityManagerFactory for persistence unit 'default'
2019-08-26 15:35:58.541 WARN  o.s.b.a.o.j.JpaBaseConfiguration$JpaWebConfiguration$JpaWebMvcConfiguration spring.jpa.open-in-view is enabled by default. Therefore, database queries may be performed during view rendering. Explicitly configure spring.jpa.open-in-view to disable this warning
2019-08-26 15:35:58.564 INFO  o.s.w.s.m.m.a.RequestMappingHandlerMapping Mapped "{[/dept],methods=[GET]}" onto public java.lang.String org.dept.main.controller.DepartmentResource.deptHMS()
2019-08-26 15:35:58.568 INFO  o.s.w.s.m.m.a.RequestMappingHandlerMapping Mapped "{[/swagger-resources/configuration/security]}" onto public org.springframework.http.ResponseEntity<springfox.documentation.swagger.web.SecurityConfiguration> springfox.documentation.swagger.web.ApiResourceController.securityConfiguration()
2019-08-26 15:35:58.568 INFO  o.s.w.s.m.m.a.RequestMappingHandlerMapping Mapped "{[/swagger-resources/configuration/ui]}" onto public org.springframework.http.ResponseEntity<springfox.documentation.swagger.web.UiConfiguration> springfox.documentation.swagger.web.ApiResourceController.uiConfiguration()
2019-08-26 15:35:58.568 INFO  o.s.w.s.m.m.a.RequestMappingHandlerMapping Mapped "{[/swagger-resources]}" onto public org.springframework.http.ResponseEntity<java.util.List<springfox.documentation.swagger.web.SwaggerResource>> springfox.documentation.swagger.web.ApiResourceController.swaggerResources()
2019-08-26 15:35:58.569 INFO  o.s.w.s.m.m.a.RequestMappingHandlerMapping Mapped "{[/error]}" onto public org.springframework.http.ResponseEntity<java.util.Map<java.lang.String, java.lang.Object>> org.springframework.boot.autoconfigure.web.servlet.error.BasicErrorController.error(javax.servlet.http.HttpServletRequest)
2019-08-26 15:35:58.569 INFO  o.s.w.s.m.m.a.RequestMappingHandlerMapping Mapped "{[/error],produces=[text/html]}" onto public org.springframework.web.servlet.ModelAndView org.springframework.boot.autoconfigure.web.servlet.error.BasicErrorController.errorHtml(javax.servlet.http.HttpServletRequest,javax.servlet.http.HttpServletResponse)
2019-08-26 15:35:58.621 INFO  o.s.b.a.e.web.EndpointLinksResolver Exposing 2 endpoint(s) beneath base path '/actuator'
2019-08-26 15:35:58.624 INFO  o.s.b.a.e.w.s.WebMvcEndpointHandlerMapping Mapped "{[/actuator/health],methods=[GET],produces=[application/vnd.spring-boot.actuator.v2+json || application/json]}" onto public java.lang.Object org.springframework.boot.actuate.endpoint.web.servlet.AbstractWebMvcEndpointHandlerMapping$OperationHandler.handle(javax.servlet.http.HttpServletRequest,java.util.Map<java.lang.String, java.lang.String>)
2019-08-26 15:35:58.624 INFO  o.s.b.a.e.w.s.WebMvcEndpointHandlerMapping Mapped "{[/actuator/info],methods=[GET],produces=[application/vnd.spring-boot.actuator.v2+json || application/json]}" onto public java.lang.Object org.springframework.boot.actuate.endpoint.web.servlet.AbstractWebMvcEndpointHandlerMapping$OperationHandler.handle(javax.servlet.http.HttpServletRequest,java.util.Map<java.lang.String, java.lang.String>)
2019-08-26 15:35:58.624 INFO  o.s.b.a.e.w.s.WebMvcEndpointHandlerMapping Mapped "{[/actuator],methods=[GET],produces=[application/vnd.spring-boot.actuator.v2+json || application/json]}" onto protected java.util.Map<java.lang.String, java.util.Map<java.lang.String, org.springframework.boot.actuate.endpoint.web.Link>> org.springframework.boot.actuate.endpoint.web.servlet.WebMvcEndpointHandlerMapping.links(javax.servlet.http.HttpServletRequest,javax.servlet.http.HttpServletResponse)
2019-08-26 15:35:58.707 INFO  s.d.s.w.PropertySourcedRequestMappingHandlerMapping Mapped URL path [/v2/api-docs] onto method [public org.springframework.http.ResponseEntity<springfox.documentation.spring.web.json.Json> springfox.documentation.swagger2.web.Swagger2Controller.getDocumentation(java.lang.String,javax.servlet.http.HttpServletRequest)]
2019-08-26 15:35:58.727 WARN  c.n.c.sources.URLConfigurationSource No URLs will be polled as dynamic configuration sources.
2019-08-26 15:35:58.727 INFO  c.n.c.sources.URLConfigurationSource To enable URLs as dynamic configuration sources, define System property archaius.configurationSource.additionalUrls or make config.properties available on classpath.
2019-08-26 15:35:58.771 INFO  o.s.w.s.h.SimpleUrlHandlerMapping Mapped URL path [/**/favicon.ico] onto handler of type [class org.springframework.web.servlet.resource.ResourceHttpRequestHandler]
2019-08-26 15:35:58.845 INFO  o.s.w.s.m.m.a.RequestMappingHandlerAdapter Looking for @ControllerAdvice: org.springframework.boot.web.servlet.context.AnnotationConfigServletWebServerApplicationContext@58e4f79b: startup date [Mon Aug 26 15:35:52 IST 2019]; parent: org.springframework.context.annotation.AnnotationConfigApplicationContext@527b301e
2019-08-26 15:35:58.865 INFO  o.s.w.s.h.SimpleUrlHandlerMapping Mapped URL path [/webjars/**] onto handler of type [class org.springframework.web.servlet.resource.ResourceHttpRequestHandler]
2019-08-26 15:35:58.866 INFO  o.s.w.s.h.SimpleUrlHandlerMapping Mapped URL path [/**] onto handler of type [class org.springframework.web.servlet.resource.ResourceHttpRequestHandler]
2019-08-26 15:35:59.057 WARN  o.s.b.d.a.OptionalLiveReloadServer Unable to start LiveReload server
2019-08-26 15:35:59.884 INFO  o.s.j.e.a.AnnotationMBeanExporter Registering beans for JMX exposure on startup
2019-08-26 15:35:59.885 INFO  o.s.j.e.a.AnnotationMBeanExporter Bean with name 'dataSource' has been autodetected for JMX exposure
2019-08-26 15:35:59.887 INFO  o.s.j.e.a.AnnotationMBeanExporter Bean with name 'environmentManager' has been autodetected for JMX exposure
2019-08-26 15:35:59.889 INFO  o.s.j.e.a.AnnotationMBeanExporter Bean with name 'refreshScope' has been autodetected for JMX exposure
2019-08-26 15:35:59.889 INFO  o.s.j.e.a.AnnotationMBeanExporter Bean with name 'configurationPropertiesRebinder' has been autodetected for JMX exposure
2019-08-26 15:35:59.893 INFO  o.s.j.e.a.AnnotationMBeanExporter Located managed bean 'environmentManager': registering with JMX server as MBean [org.springframework.cloud.context.environment:name=environmentManager,type=EnvironmentManager]
2019-08-26 15:35:59.895 INFO  o.s.j.e.a.AnnotationMBeanExporter Located managed bean 'refreshScope': registering with JMX server as MBean [org.springframework.cloud.context.scope.refresh:name=refreshScope,type=RefreshScope]
2019-08-26 15:35:59.898 INFO  o.s.j.e.a.AnnotationMBeanExporter Located managed bean 'configurationPropertiesRebinder': registering with JMX server as MBean [org.springframework.cloud.context.properties:name=configurationPropertiesRebinder,context=58e4f79b,type=ConfigurationPropertiesRebinder]
2019-08-26 15:35:59.901 INFO  o.s.j.e.a.AnnotationMBeanExporter Located MBean 'dataSource': registering with JMX server as MBean [com.zaxxer.hikari:name=dataSource,type=HikariDataSource]
2019-08-26 15:35:59.907 INFO  o.s.c.s.DefaultLifecycleProcessor Starting beans in phase 0
2019-08-26 15:35:59.913 INFO  o.s.c.n.eureka.InstanceInfoFactory Setting initial instance status as: STARTING
2019-08-26 15:35:59.917 INFO  c.netflix.discovery.DiscoveryClient Initializing Eureka in region us-east-1
2019-08-26 15:35:59.920 INFO  c.n.d.p.DiscoveryJerseyProvider Using JSON encoding codec LegacyJacksonJson
2019-08-26 15:35:59.922 INFO  c.n.d.p.DiscoveryJerseyProvider Using JSON decoding codec LegacyJacksonJson
2019-08-26 15:35:59.922 INFO  c.n.d.p.DiscoveryJerseyProvider Using XML encoding codec XStreamXml
2019-08-26 15:35:59.923 INFO  c.n.d.p.DiscoveryJerseyProvider Using XML decoding codec XStreamXml
2019-08-26 15:35:59.968 INFO  c.n.d.s.r.aws.ConfigClusterResolver Resolving eureka endpoints via configuration
2019-08-26 15:35:59.969 INFO  c.netflix.discovery.DiscoveryClient Disable delta property : false
2019-08-26 15:35:59.970 INFO  c.netflix.discovery.DiscoveryClient Single vip registry refresh property : null
2019-08-26 15:35:59.970 INFO  c.netflix.discovery.DiscoveryClient Force full registry fetch : false
2019-08-26 15:35:59.970 INFO  c.netflix.discovery.DiscoveryClient Application is null : false
2019-08-26 15:35:59.970 INFO  c.netflix.discovery.DiscoveryClient Registered Applications size is zero : true
2019-08-26 15:35:59.970 INFO  c.netflix.discovery.DiscoveryClient Application version is -1: true
2019-08-26 15:35:59.970 INFO  c.netflix.discovery.DiscoveryClient Getting all instance registry info from the eureka server
2019-08-26 15:35:59.979 INFO  c.netflix.discovery.DiscoveryClient The response status is 200
2019-08-26 15:35:59.980 INFO  c.netflix.discovery.DiscoveryClient Starting heartbeat executor: renew interval is: 30
2019-08-26 15:35:59.981 INFO  c.n.discovery.InstanceInfoReplicator InstanceInfoReplicator onDemand update allowed rate per min is 4
2019-08-26 15:35:59.982 INFO  c.netflix.discovery.DiscoveryClient Discovery Client initialized at timestamp 1566813959982 with initial instances count: 1
2019-08-26 15:35:59.986 INFO  o.s.c.n.e.s.EurekaServiceRegistry Registering application DEPARTMENT-SERVICE with eureka with status UP
2019-08-26 15:35:59.987 INFO  c.netflix.discovery.DiscoveryClient Saw local status change event StatusChangeEvent [timestamp=1566813959987, current=UP, previous=STARTING]
2019-08-26 15:35:59.988 INFO  o.s.c.s.DefaultLifecycleProcessor Starting beans in phase 2147483647
2019-08-26 15:35:59.989 INFO  s.d.s.w.p.DocumentationPluginsBootstrapper Context refreshed
2019-08-26 15:35:59.990 INFO  s.d.s.w.p.DocumentationPluginsBootstrapper Found 1 custom documentation plugin(s)
2019-08-26 15:35:59.995 INFO  s.d.s.w.s.ApiListingReferenceScanner Scanning for api listing references
2019-08-26 15:35:59.995 INFO  c.netflix.discovery.DiscoveryClient DiscoveryClient_DEPARTMENT-SERVICE/department-service:8081: registering service...
2019-08-26 15:36:00.004 INFO  c.netflix.discovery.DiscoveryClient DiscoveryClient_DEPARTMENT-SERVICE/department-service:8081 - registration status: 204
2019-08-26 15:36:00.019 INFO  o.a.coyote.http11.Http11NioProtocol Starting ProtocolHandler ["http-nio-8081"]
2019-08-26 15:36:00.021 INFO  o.a.tomcat.util.net.NioSelectorPool Using a shared selector for servlet write/read
2019-08-26 15:36:00.025 INFO  o.s.b.w.e.tomcat.TomcatWebServer Tomcat started on port(s): 8081 (http) with context path ''
2019-08-26 15:36:00.026 INFO  o.s.c.n.e.s.EurekaAutoServiceRegistration Updating port to 8081
2019-08-26 15:36:00.027 INFO  org.dept.main.Application Started Application in 13.815 seconds (JVM running for 112.305)
2019-08-26 15:36:00.033 INFO  o.s.b.d.a.ConditionEvaluationDeltaLoggingListener Condition evaluation unchanged
2019-08-26 15:36:04.434 INFO  o.a.c.c.C.[Tomcat].[localhost].[/] Initializing Spring FrameworkServlet 'dispatcherServlet'
2019-08-26 15:36:04.435 INFO  o.s.web.servlet.DispatcherServlet FrameworkServlet 'dispatcherServlet': initialization started
2019-08-26 15:36:04.445 INFO  o.s.web.servlet.DispatcherServlet FrameworkServlet 'dispatcherServlet': initialization completed in 10 ms
2019-08-26 15:36:04.458 INFO  o.d.m.controller.DepartmentResource Department Message WELCOME TO DEPARTMENT IN HOSPITAL MANAGEMENT Mon Aug 26 15:36:04 IST 2019
2019-08-26 15:36:05.244 INFO  o.s.c.a.AnnotationConfigApplicationContext Refreshing SpringClientFactory-localhost: startup date [Mon Aug 26 15:36:05 IST 2019]; parent: org.springframework.boot.web.servlet.context.AnnotationConfigServletWebServerApplicationContext@58e4f79b
2019-08-26 15:36:05.261 INFO  o.s.b.f.a.AutowiredAnnotationBeanPostProcessor JSR-330 'javax.inject.Inject' annotation found and supported for autowiring
2019-08-26 15:36:05.409 INFO  c.n.config.ChainedDynamicProperty Flipping property: localhost.ribbon.ActiveConnectionsLimit to use NEXT property: niws.loadbalancer.availabilityFilteringRule.activeConnectionsLimit = 2147483647
2019-08-26 15:36:05.423 INFO  c.n.u.c.ShutdownEnabledTimer Shutdown hook installed for: NFLoadBalancer-PingTimer-localhost
2019-08-26 15:36:05.426 INFO  c.n.loadbalancer.BaseLoadBalancer Client: localhost instantiated a LoadBalancer: DynamicServerListLoadBalancer:{NFLoadBalancer:name=localhost,current list of Servers=[],Load balancer stats=Zone stats: {},Server stats: []}ServerList:null
2019-08-26 15:36:05.431 INFO  c.n.l.DynamicServerListLoadBalancer Using serverListUpdater PollingServerListUpdater
2019-08-26 15:36:05.433 INFO  c.n.l.DynamicServerListLoadBalancer DynamicServerListLoadBalancer for client localhost initialized: DynamicServerListLoadBalancer:{NFLoadBalancer:name=localhost,current list of Servers=[],Load balancer stats=Zone stats: {},Server stats: []}ServerList:org.springframework.cloud.netflix.ribbon.eureka.DomainExtractingServerList@389cad58
2019-08-26 15:36:05.641 INFO  o.d.m.controller.DepartmentResource Department Message WELCOME TO DEPARTMENT IN HOSPITAL MANAGEMENT Mon Aug 26 15:36:05 IST 2019
2019-08-26 15:36:06.418 INFO  o.d.m.controller.DepartmentResource Department Message WELCOME TO DEPARTMENT IN HOSPITAL MANAGEMENT Mon Aug 26 15:36:06 IST 2019
2019-08-26 15:36:06.986 INFO  o.d.m.controller.DepartmentResource Department Message WELCOME TO DEPARTMENT IN HOSPITAL MANAGEMENT Mon Aug 26 15:36:06 IST 2019
2019-08-26 15:36:07.153 INFO  o.d.m.controller.DepartmentResource Department Message WELCOME TO DEPARTMENT IN HOSPITAL MANAGEMENT Mon Aug 26 15:36:07 IST 2019
2019-08-26 15:36:07.300 INFO  o.d.m.controller.DepartmentResource Department Message WELCOME TO DEPARTMENT IN HOSPITAL MANAGEMENT Mon Aug 26 15:36:07 IST 2019
2019-08-26 15:36:15.319 WARN  c.n.discovery.InstanceInfoReplicator There was a problem with the instance info replicator
org.springframework.beans.factory.BeanCreationException: Error creating bean with name 'org.springframework.cloud.netflix.eureka.EurekaClientAutoConfiguration': Unexpected exception during bean creation; nested exception is org.springframework.beans.factory.NoSuchBeanDefinitionException: No qualifying bean of type 'org.springframework.core.env.ConfigurableEnvironment' available: expected at least 1 bean which qualifies as autowire candidate. Dependency annotations: {}
	at org.springframework.beans.factory.support.AbstractAutowireCapableBeanFactory.createBean(AbstractAutowireCapableBeanFactory.java:508)
	at org.springframework.beans.factory.support.AbstractBeanFactory.lambda$doGetBean$0(AbstractBeanFactory.java:317)
	at org.springframework.beans.factory.support.DefaultSingletonBeanRegistry.getSingleton(DefaultSingletonBeanRegistry.java:222)
	at org.springframework.beans.factory.support.AbstractBeanFactory.doGetBean(AbstractBeanFactory.java:315)
	at org.springframework.beans.factory.support.AbstractBeanFactory.getBean(AbstractBeanFactory.java:199)
	at org.springframework.beans.factory.support.ConstructorResolver.instantiateUsingFactoryMethod(ConstructorResolver.java:373)
	at org.springframework.beans.factory.support.AbstractAutowireCapableBeanFactory.instantiateUsingFactoryMethod(AbstractAutowireCapableBeanFactory.java:1246)
	at org.springframework.beans.factory.support.AbstractAutowireCapableBeanFactory.createBeanInstance(AbstractAutowireCapableBeanFactory.java:1096)
	at org.springframework.beans.factory.support.AbstractAutowireCapableBeanFactory.doCreateBean(AbstractAutowireCapableBeanFactory.java:535)
	at org.springframework.beans.factory.support.AbstractAutowireCapableBeanFactory.createBean(AbstractAutowireCapableBeanFactory.java:495)
	at org.springframework.beans.factory.support.AbstractBeanFactory.lambda$doGetBean$0(AbstractBeanFactory.java:317)
	at org.springframework.beans.factory.support.DefaultSingletonBeanRegistry.getSingleton(DefaultSingletonBeanRegistry.java:222)
	at org.springframework.beans.factory.support.AbstractBeanFactory.doGetBean(AbstractBeanFactory.java:315)
	at org.springframework.beans.factory.support.AbstractBeanFactory.getBean(AbstractBeanFactory.java:199)
	at org.springframework.beans.factory.config.DependencyDescriptor.resolveCandidate(DependencyDescriptor.java:251)
	at org.springframework.beans.factory.support.DefaultListableBeanFactory.doResolveDependency(DefaultListableBeanFactory.java:1135)
	at org.springframework.beans.factory.support.DefaultListableBeanFactory.resolveDependency(DefaultListableBeanFactory.java:1062)
	at org.springframework.beans.factory.support.ConstructorResolver.resolveAutowiredArgument(ConstructorResolver.java:819)
	at org.springframework.beans.factory.support.ConstructorResolver.resolvePreparedArguments(ConstructorResolver.java:768)
	at org.springframework.beans.factory.support.ConstructorResolver.instantiateUsingFactoryMethod(ConstructorResolver.java:411)
	at org.springframework.beans.factory.support.AbstractAutowireCapableBeanFactory.instantiateUsingFactoryMethod(AbstractAutowireCapableBeanFactory.java:1246)
	at org.springframework.beans.factory.support.AbstractAutowireCapableBeanFactory.createBeanInstance(AbstractAutowireCapableBeanFactory.java:1096)
	at org.springframework.beans.factory.support.AbstractAutowireCapableBeanFactory.doCreateBean(AbstractAutowireCapableBeanFactory.java:535)
	at org.springframework.beans.factory.support.AbstractAutowireCapableBeanFactory.createBean(AbstractAutowireCapableBeanFactory.java:495)
	at org.springframework.beans.factory.support.AbstractBeanFactory.lambda$doGetBean$1(AbstractBeanFactory.java:353)
	at org.springframework.cloud.context.scope.GenericScope$BeanLifecycleWrapper.getBean(GenericScope.java:390)
	at org.springframework.cloud.context.scope.GenericScope.get(GenericScope.java:184)
	at org.springframework.beans.factory.support.AbstractBeanFactory.doGetBean(AbstractBeanFactory.java:350)
	at org.springframework.beans.factory.support.AbstractBeanFactory.getBean(AbstractBeanFactory.java:199)
	at org.springframework.aop.target.SimpleBeanTargetSource.getTarget(SimpleBeanTargetSource.java:35)
	at org.springframework.aop.framework.CglibAopProxy$DynamicAdvisedInterceptor.intercept(CglibAopProxy.java:672)
	at com.netflix.appinfo.ApplicationInfoManager$$EnhancerBySpringCGLIB$$321dd003.refreshDataCenterInfoIfRequired(<generated>)
	at com.netflix.discovery.DiscoveryClient.refreshInstanceInfo(DiscoveryClient.java:1377)
	at com.netflix.discovery.InstanceInfoReplicator.run(InstanceInfoReplicator.java:117)
	at java.util.concurrent.Executors$RunnableAdapter.call(Executors.java:511)
	at java.util.concurrent.FutureTask.run(FutureTask.java:266)
	at java.util.concurrent.ScheduledThreadPoolExecutor$ScheduledFutureTask.access$201(ScheduledThreadPoolExecutor.java:180)
	at java.util.concurrent.ScheduledThreadPoolExecutor$ScheduledFutureTask.run(ScheduledThreadPoolExecutor.java:293)
	at java.util.concurrent.ThreadPoolExecutor.runWorker(ThreadPoolExecutor.java:1149)
	at java.util.concurrent.ThreadPoolExecutor$Worker.run(ThreadPoolExecutor.java:624)
	at java.lang.Thread.run(Thread.java:748)
Caused by: org.springframework.beans.factory.NoSuchBeanDefinitionException: No qualifying bean of type 'org.springframework.core.env.ConfigurableEnvironment' available: expected at least 1 bean which qualifies as autowire candidate. Dependency annotations: {}
	at org.springframework.beans.factory.support.DefaultListableBeanFactory.raiseNoMatchingBeanFound(DefaultListableBeanFactory.java:1506)
	at org.springframework.beans.factory.support.DefaultListableBeanFactory.doResolveDependency(DefaultListableBeanFactory.java:1101)
	at org.springframework.beans.factory.support.DefaultListableBeanFactory.resolveDependency(DefaultListableBeanFactory.java:1062)
	at org.springframework.beans.factory.support.ConstructorResolver.resolveAutowiredArgument(ConstructorResolver.java:819)
	at org.springframework.beans.factory.support.ConstructorResolver.resolvePreparedArguments(ConstructorResolver.java:768)
	at org.springframework.beans.factory.support.ConstructorResolver.autowireConstructor(ConstructorResolver.java:137)
	at org.springframework.beans.factory.support.AbstractAutowireCapableBeanFactory.autowireConstructor(AbstractAutowireCapableBeanFactory.java:1266)
	at org.springframework.beans.factory.support.AbstractAutowireCapableBeanFactory.createBeanInstance(AbstractAutowireCapableBeanFactory.java:1112)
	at org.springframework.beans.factory.support.AbstractAutowireCapableBeanFactory.doCreateBean(AbstractAutowireCapableBeanFactory.java:535)
	at org.springframework.beans.factory.support.AbstractAutowireCapableBeanFactory.createBean(AbstractAutowireCapableBeanFactory.java:495)
	... 40 common frames omitted
2019-08-26 15:36:34.415 INFO  o.s.b.a.SpringApplicationAdminMXBeanRegistrar$SpringApplicationAdmin Application shutdown requested.
2019-08-26 15:36:34.417 INFO  o.s.b.w.s.c.AnnotationConfigServletWebServerApplicationContext Closing org.springframework.boot.web.servlet.context.AnnotationConfigServletWebServerApplicationContext@58e4f79b: startup date [Mon Aug 26 15:35:52 IST 2019]; parent: org.springframework.context.annotation.AnnotationConfigApplicationContext@527b301e
2019-08-26 15:36:34.418 INFO  o.s.c.n.e.s.EurekaServiceRegistry Unregistering application DEPARTMENT-SERVICE with eureka with status DOWN
2019-08-26 15:36:34.418 WARN  c.netflix.discovery.DiscoveryClient Saw local status change event StatusChangeEvent [timestamp=1566813994418, current=DOWN, previous=UP]
2019-08-26 15:36:34.419 INFO  c.netflix.discovery.DiscoveryClient DiscoveryClient_DEPARTMENT-SERVICE/department-service:8081: registering service...
2019-08-26 15:36:34.420 INFO  o.s.c.s.DefaultLifecycleProcessor Stopping beans in phase 2147483647
2019-08-26 15:36:34.420 INFO  o.s.c.s.DefaultLifecycleProcessor Stopping beans in phase 0
2019-08-26 15:36:34.421 INFO  o.s.j.e.a.AnnotationMBeanExporter Unregistering JMX-exposed beans on shutdown
2019-08-26 15:36:34.422 INFO  o.s.j.e.a.AnnotationMBeanExporter Unregistering JMX-exposed beans
2019-08-26 15:36:34.423 INFO  o.s.o.j.LocalContainerEntityManagerFactoryBean Closing JPA EntityManagerFactory for persistence unit 'default'
